<?xml version="1.0" encoding="UTF-8"?>
<!-- Generated by org.testng.reporters.JUnitReportReporter -->
<testsuite skipped="0" hostname="DESKTOP-9445UGT" name="com.dropdown.ABB" tests="1" failures="0" timestamp="09 Jun 2019 19:55:28 GMT" time="12.876" errors="0">
  <testcase name="ad" time="12.876" classname="com.dropdown.ABB"/>
</testsuite> <!-- com.dropdown.ABB -->
