<?xml version="1.0" encoding="UTF-8"?>
<!-- Generated by org.testng.reporters.JUnitReportReporter -->
<testsuite skipped="0" hostname="DESKTOP-9445UGT" name="com.dropdown.Testt" tests="1" failures="0" timestamp="21 Jul 2019 14:55:58 GMT" time="22.770" errors="0">
  <testcase name="parentt" time="22.770" classname="com.dropdown.Testt"/>
</testsuite> <!-- com.dropdown.Testt -->
